This is pdfTeX, Version 3.141592653-2.6-1.40.24 (TeX Live 2022/Debian) (preloaded format=pdflatex 2023.9.21)  11 JUN 2024 20:29
entering extended mode
 restricted \write18 enabled.
 %&-line parsing enabled.
**tutorial.tex
(./tutorial.tex
LaTeX2e <2022-11-01> patch level 1
L3 programming layer <2023-01-16>
(/usr/share/texlive/texmf-dist/tex/latex/base/article.cls
Document Class: article 2022/07/02 v1.4n Standard LaTeX document class
(/usr/share/texlive/texmf-dist/tex/latex/base/size11.clo
File: size11.clo 2022/07/02 v1.4n Standard LaTeX file (size option)
)
\c@part=\count185
\c@section=\count186
\c@subsection=\count187
\c@subsubsection=\count188
\c@paragraph=\count189
\c@subparagraph=\count190
\c@figure=\count191
\c@table=\count192
\abovecaptionskip=\skip48
\belowcaptionskip=\skip49
\bibindent=\dimen140
)
(/usr/share/texlive/texmf-dist/tex/latex/graphics/color.sty
Package: color 2022/01/06 v1.3d Standard LaTeX Color (DPC)

(/usr/share/texlive/texmf-dist/tex/latex/graphics-cfg/color.cfg
File: color.cfg 2016/01/02 v1.6 sample color configuration
)
Package color Info: Driver file: pdftex.def on input line 149.

(/usr/share/texlive/texmf-dist/tex/latex/graphics-def/pdftex.def
File: pdftex.def 2022/09/22 v1.2b Graphics/color driver for pdftex
)
(/usr/share/texlive/texmf-dist/tex/latex/graphics/mathcolor.ltx))
(/usr/share/texlive/texmf-dist/tex/latex/graphics/graphics.sty
Package: graphics 2022/03/10 v1.4e Standard LaTeX Graphics (DPC,SPQR)

(/usr/share/texlive/texmf-dist/tex/latex/graphics/trig.sty
Package: trig 2021/08/11 v1.11 sin cos tan (DPC)
)
(/usr/share/texlive/texmf-dist/tex/latex/graphics-cfg/graphics.cfg
File: graphics.cfg 2016/06/04 v1.11 sample graphics configuration
)
Package graphics Info: Driver file: pdftex.def on input line 107.
)
(/usr/share/texlive/texmf-dist/tex/latex/graphics/graphicx.sty
Package: graphicx 2021/09/16 v1.2d Enhanced LaTeX Graphics (DPC,SPQR)

(/usr/share/texlive/texmf-dist/tex/latex/graphics/keyval.sty
Package: keyval 2022/05/29 v1.15 key=value parser (DPC)
\KV@toks@=\toks16
)
\Gin@req@height=\dimen141
\Gin@req@width=\dimen142
)
(/usr/share/texlive/texmf-dist/tex/latex/pstricks/pstricks.sty
Package: pstricks 2022/19/23 v0.72 LaTeX wrapper for `PSTricks' (RN,HV)

(/usr/share/texlive/texmf-dist/tex/generic/iftex/iftex.sty
Package: iftex 2022/02/03 v1.0f TeX engine tests
)
(/usr/share/texlive/texmf-dist/tex/latex/xcolor/xcolor.sty
Package: xcolor 2022/06/12 v2.14 LaTeX color extensions (UK)

(/usr/share/texlive/texmf-dist/tex/latex/graphics-cfg/color.cfg
File: color.cfg 2016/01/02 v1.6 sample color configuration
)
Package xcolor Info: Driver file: pdftex.def on input line 227.
LaTeX Info: Redefining \color on input line 711.

(/usr/share/texlive/texmf-dist/tex/latex/graphics/mathcolor.ltx)
Package xcolor Info: Model `cmy' substituted by `cmy0' on input line 1353.
Package xcolor Info: Model `hsb' substituted by `rgb' on input line 1357.
Package xcolor Info: Model `RGB' extended on input line 1369.
Package xcolor Info: Model `HTML' substituted by `rgb' on input line 1371.
Package xcolor Info: Model `Hsb' substituted by `hsb' on input line 1372.
Package xcolor Info: Model `tHsb' substituted by `hsb' on input line 1373.
Package xcolor Info: Model `HSB' substituted by `hsb' on input line 1374.
Package xcolor Info: Model `Gray' substituted by `gray' on input line 1375.
Package xcolor Info: Model `wave' substituted by `hsb' on input line 1376.
)
(/usr/share/texlive/texmf-dist/tex/generic/xkeyval/pst-xkey.tex
File: pst-xkey.tex 2005/11/25 v1.6 PSTricks specialization of xkeyval (HA)

(/usr/share/texlive/texmf-dist/tex/latex/xkeyval/xkeyval.sty
Package: xkeyval 2022/06/16 v2.9 package option processing (HA)

(/usr/share/texlive/texmf-dist/tex/generic/xkeyval/xkeyval.tex
(/usr/share/texlive/texmf-dist/tex/generic/xkeyval/xkvutils.tex
\XKV@toks=\toks17
\XKV@tempa@toks=\toks18
)
\XKV@depth=\count193
File: xkeyval.tex 2014/12/03 v2.7a key=value parser (HA)
)))
(/usr/share/texlive/texmf-dist/tex/generic/pstricks/pstricks.tex
(/usr/share/texlive/texmf-dist/tex/generic/pstricks/pst-fp.tex
`pst-fp' v0.06, 2020/11/20 (hv)
\pstFP@xs=\count194
\pstFP@xia=\count195
\pstFP@xib=\count196
\pstFP@xfa=\count197
\pstFP@xfb=\count198
\pstFP@rega=\count199
\pstFP@regb=\count266
\pstFP@regs=\count267
\pstFP@times=\count268
)
(/usr/share/texlive/texmf-dist/tex/latex/pgf/utilities/pgffor.sty
(/usr/share/texlive/texmf-dist/tex/latex/pgf/utilities/pgfrcs.sty
(/usr/share/texlive/texmf-dist/tex/generic/pgf/utilities/pgfutil-common.tex
\pgfutil@everybye=\toks19
\pgfutil@tempdima=\dimen143
\pgfutil@tempdimb=\dimen144
)
(/usr/share/texlive/texmf-dist/tex/generic/pgf/utilities/pgfutil-latex.def
\pgfutil@abb=\box51
)
(/usr/share/texlive/texmf-dist/tex/generic/pgf/utilities/pgfrcs.code.tex
(/usr/share/texlive/texmf-dist/tex/generic/pgf/pgf.revision.tex)
Package: pgfrcs 2023-01-15 v3.1.10 (3.1.10)
))
(/usr/share/texlive/texmf-dist/tex/latex/pgf/utilities/pgfkeys.sty
(/usr/share/texlive/texmf-dist/tex/generic/pgf/utilities/pgfkeys.code.tex
\pgfkeys@pathtoks=\toks20
\pgfkeys@temptoks=\toks21

(/usr/share/texlive/texmf-dist/tex/generic/pgf/utilities/pgfkeyslibraryfiltered
.code.tex
\pgfkeys@tmptoks=\toks22
))) (/usr/share/texlive/texmf-dist/tex/latex/pgf/math/pgfmath.sty
(/usr/share/texlive/texmf-dist/tex/generic/pgf/math/pgfmath.code.tex
(/usr/share/texlive/texmf-dist/tex/generic/pgf/math/pgfmathutil.code.tex
\pgf@x=\dimen145
\pgf@xa=\dimen146
\pgf@xb=\dimen147
\pgf@xc=\dimen148
\pgf@y=\dimen149
\pgf@ya=\dimen150
\pgf@yb=\dimen151
\pgf@yc=\dimen152
\c@pgf@counta=\count269
\c@pgf@countb=\count270
\c@pgf@countc=\count271
\c@pgf@countd=\count272
)
(/usr/share/texlive/texmf-dist/tex/generic/pgf/math/pgfmathparser.code.tex
\pgfmath@dimen=\dimen153
\pgfmath@count=\count273
\pgfmath@box=\box52
\pgfmath@toks=\toks23
\pgfmath@stack@operand=\toks24
\pgfmath@stack@operation=\toks25
)
(/usr/share/texlive/texmf-dist/tex/generic/pgf/math/pgfmathfunctions.code.tex)
(/usr/share/texlive/texmf-dist/tex/generic/pgf/math/pgfmathfunctions.basic.code
.tex)
(/usr/share/texlive/texmf-dist/tex/generic/pgf/math/pgfmathfunctions.trigonomet
ric.code.tex)
(/usr/share/texlive/texmf-dist/tex/generic/pgf/math/pgfmathfunctions.random.cod
e.tex)
(/usr/share/texlive/texmf-dist/tex/generic/pgf/math/pgfmathfunctions.comparison
.code.tex)
(/usr/share/texlive/texmf-dist/tex/generic/pgf/math/pgfmathfunctions.base.code.
tex)
(/usr/share/texlive/texmf-dist/tex/generic/pgf/math/pgfmathfunctions.round.code
.tex)
(/usr/share/texlive/texmf-dist/tex/generic/pgf/math/pgfmathfunctions.misc.code.
tex)
(/usr/share/texlive/texmf-dist/tex/generic/pgf/math/pgfmathfunctions.integerari
thmetics.code.tex)
(/usr/share/texlive/texmf-dist/tex/generic/pgf/math/pgfmathcalc.code.tex)
(/usr/share/texlive/texmf-dist/tex/generic/pgf/math/pgfmathfloat.code.tex
\c@pgfmathroundto@lastzeros=\count274
)))
(/usr/share/texlive/texmf-dist/tex/generic/pgf/utilities/pgffor.code.tex
Package: pgffor 2023-01-15 v3.1.10 (3.1.10)
\pgffor@iter=\dimen154
\pgffor@skip=\dimen155
\pgffor@stack=\toks26
\pgffor@toks=\toks27
))
\psLoopIndex=\count275

`PSTricks' v3.18  <2022/11/28> (tvz,hv)
\pst@dima=\dimen156
\pst@dimb=\dimen157
\pst@dimc=\dimen158
\pst@dimd=\dimen159
\pst@dimg=\dimen160
\pst@dimh=\dimen161
\pst@dimm=\dimen162
\pst@dimn=\dimen163
\pst@dimo=\dimen164
\pst@dimp=\dimen165
\pst@hbox=\box53
\pst@ibox=\box54
\pst@boxg=\box55
\pst@cnta=\count276
\pst@cntb=\count277
\pst@cntc=\count278
\pst@cntd=\count279
\pst@cntg=\count280
\pst@cnth=\count281
\pst@cntm=\count282
\pst@cntn=\count283
\pst@cnto=\count284
\pst@cntp=\count285
\@zero=\count286
\pst@toks=\toks28
--- We are running latex or xelatex ---
(/usr/share/texlive/texmf-dist/tex/generic/pstricks/pstricks.con)
(/usr/share/texlive/texmf-dist/tex/generic/pstricks/pstricks-color.tex)
\psunit=\dimen166
\psxunit=\dimen167
\psyunit=\dimen168
\pst@C@@rType=\count287
\pslinewidth=\dimen169
\psk@startLW=\dimen170
\psk@endLW=\dimen171

(/usr/share/texlive/texmf-dist/tex/generic/pstricks/pstricks-arrows.tex
\pshooklength=\dimen172
\pshookwidth=\dimen173
)
\pst@customdefs=\toks29

(/usr/share/texlive/texmf-dist/tex/generic/pstricks/pstricks-dots.tex)
\pslinearc=\dimen174
\pst@symbolStep=\dimen175
\pst@symbolWidth=\dimen176
\pst@symbolLinewidth=\dimen177
\everypsbox=\toks30
\psframesep=\dimen178
\pslabelsep=\dimen179
\sh@wgridXunit=\dimen180
\sh@wgridYunit=\dimen181
\pst@shift=\dimen182
\ps@imagectr=\count288

(/usr/share/texlive/texmf-dist/tex/generic/pstricks/pstricks.con))
File: pstricks.tex 2022/11/28 v3.18 `PSTricks' (tvz,hv)

(/usr/share/texlive/texmf-dist/tex/generic/pstricks/pst-fp.tex
`pst-fp' v0.06, 2020/11/20 (hv))
File: pst-fp.tex 2020/11/20 v0.06 `PST-fp' (hv)
)
(/usr/share/texlive/texmf-dist/tex/latex/listings/listings.sty
\lst@mode=\count289
\lst@gtempboxa=\box56
\lst@token=\toks31
\lst@length=\count290
\lst@currlwidth=\dimen183
\lst@column=\count291
\lst@pos=\count292
\lst@lostspace=\dimen184
\lst@width=\dimen185
\lst@newlines=\count293
\lst@lineno=\count294
\lst@maxwidth=\dimen186

(/usr/share/texlive/texmf-dist/tex/latex/listings/lstmisc.sty
File: lstmisc.sty 2020/03/24 1.8d (Carsten Heinz)
\c@lstnumber=\count295
\lst@skipnumbers=\count296
\lst@framebox=\box57
)
(/usr/share/texlive/texmf-dist/tex/latex/listings/listings.cfg
File: listings.cfg 2020/03/24 1.8d listings configuration
))
Package: listings 2020/03/24 1.8d (Carsten Heinz)

(/usr/share/texlive/texmf-dist/tex/latex/l3backend/l3backend-pdftex.def
File: l3backend-pdftex.def 2023-01-16 L3 backend support: PDF output (pdfTeX)
\l__color_backend_stack_int=\count297
\l__pdf_internal_box=\box58
)
(./tutorial.aux)
\openout1 = `tutorial.aux'.

LaTeX Font Info:    Checking defaults for OML/cmm/m/it on input line 17.
LaTeX Font Info:    ... okay on input line 17.
LaTeX Font Info:    Checking defaults for OMS/cmsy/m/n on input line 17.
LaTeX Font Info:    ... okay on input line 17.
LaTeX Font Info:    Checking defaults for OT1/cmr/m/n on input line 17.
LaTeX Font Info:    ... okay on input line 17.
LaTeX Font Info:    Checking defaults for T1/cmr/m/n on input line 17.
LaTeX Font Info:    ... okay on input line 17.
LaTeX Font Info:    Checking defaults for TS1/cmr/m/n on input line 17.
LaTeX Font Info:    ... okay on input line 17.
LaTeX Font Info:    Checking defaults for OMX/cmex/m/n on input line 17.
LaTeX Font Info:    ... okay on input line 17.
LaTeX Font Info:    Checking defaults for U/cmr/m/n on input line 17.
LaTeX Font Info:    ... okay on input line 17.

(/usr/share/texlive/texmf-dist/tex/context/base/mkii/supp-pdf.mkii
[Loading MPS to PDF converter (version 2006.09.02).]
\scratchcounter=\count298
\scratchdimen=\dimen187
\scratchbox=\box59
\nofMPsegments=\count299
\nofMParguments=\count300
\everyMPshowfont=\toks32
\MPscratchCnt=\count301
\MPscratchDim=\dimen188
\MPnumerator=\count302
\makeMPintoPDFobject=\count303
\everyMPtoPDFconversion=\toks33
) (/usr/share/texlive/texmf-dist/tex/latex/epstopdf-pkg/epstopdf-base.sty
Package: epstopdf-base 2020-01-24 v2.11 Base part for package epstopdf
Package epstopdf-base Info: Redefining graphics rule for `.eps' on input line 4
85.

(/usr/share/texlive/texmf-dist/tex/latex/latexconfig/epstopdf-sys.cfg
File: epstopdf-sys.cfg 2010/07/13 v1.3 Configuration of (r)epstopdf for TeX Liv
e
))
\c@lstlisting=\count304
LaTeX Font Info:    External font `cmex10' loaded for size
(Font)              <12> on input line 19.
LaTeX Font Info:    External font `cmex10' loaded for size
(Font)              <8> on input line 19.
LaTeX Font Info:    External font `cmex10' loaded for size
(Font)              <6> on input line 19.

[1
Non-PDF special ignored!
<special> header=pstricks.pro
Non-PDF special ignored!
<special> header=pst-algparser.pro
Non-PDF special ignored!
<special> header=pst-tools.pro
Non-PDF special ignored!
<special> header=pst-dots.pro

Non-PDF special ignored!
<special> ps: /pssetRGBcolor /setrgbcolor load def /pssetCMYKcolor /setcmyk...
Non-PDF special ignored!
<special> ps:tx@Dict begin  gsave STV CP T /ps@rot 0 def grestore  end
Non-PDF special ignored!
<special> ps:tx@Dict begin  gsave STV CP T /ps@refangle 0.  def grestore  e...
{/var/lib/texmf/fonts/map/pdftex/updmap/pdftex.map}]
Overfull \hbox (53.90552pt too wide) in paragraph at lines 70--70
[]\OT1/cmtt/m/n/10.95 >> pkg install "https://github.com/jesperschmidthansen/mo
lsim/archive/ \[] 
 []


Overfull \hbox (59.6542pt too wide) in paragraph at lines 70--70
[]                                             \OT1/cmtt/m/n/10.95 refs/tags/v<
version>.tar.gz"[] 
 []

[2] [3]
LaTeX Font Info:    External font `cmex10' loaded for size
(Font)              <10.95> on input line 155.
 [4] [5]
Overfull \hbox (13.6647pt too wide) in paragraph at lines 263--263
[]\OT1/cmtt/m/n/10.95 energies = molsim('get', 'energies'); # vector with ekin 
and epot[] 
 []

[6] [7]
Overfull \hbox (19.41339pt too wide) in paragraph at lines 375--375
[]\OT1/cmtt/m/n/10.95 molsim('calcforce', 'lj', <pair>, <cutoff>, <sigma>, <eps
>, <aw>);[] 
 []

[8]
<diheadral.pdf, id=45, 369.32085pt x 107.80153pt>
File: diheadral.pdf Graphic file (type pdf)
<use diheadral.pdf>
Package pdftex.def Info: diheadral.pdf  used on input line 425.
(pdftex.def)             Requested size: 258.52281pt x 75.46054pt.


LaTeX Warning: `h' float specifier changed to `ht'.

[9]
<toluene.pdf, id=49, 281.33136pt x 379.51256pt>
File: toluene.pdf Graphic file (type pdf)
<use toluene.pdf>
Package pdftex.def Info: toluene.pdf  used on input line 467.
(pdftex.def)             Requested size: 112.53053pt x 151.80232pt.


LaTeX Warning: `h' float specifier changed to `ht'.


Overfull \hbox (10.89114pt too wide) in paragraph at lines 475--486
\OT1/cmr/m/n/10.95 molecular in-ter-ac-tions, i.e., bond, an-gle, and tor-sion 
an-gle po-ten-tials. Lennard-
 []

[10 <./diheadral.pdf>]
Overfull \hbox (2.16733pt too wide) in paragraph at lines 493--493
[]\OT1/cmtt/m/n/10.95 >> molsim('set', 'molconfig', 'toluene.xyz', 'toluene.top
', ...[] 
 []


Overfull \hbox (7.91602pt too wide) in paragraph at lines 546--546
[]\OT1/cmtt/m/n/10.95 bondlength_0 = 0.4; bondlength_1 = 0.38; springconstant =
 48910;[] 
 []

[11 <./toluene.pdf>]
Overfull \hbox (48.15683pt too wide) in paragraph at lines 546--546
[]\OT1/cmtt/m/n/10.95 % Load positions, set temp, remove intra-molecular pair-i
nteraction etc[] 
 []


Overfull \hbox (2.16733pt too wide) in paragraph at lines 546--546
[]  \OT1/cmtt/m/n/10.95 molsim('calcforce', 'bond', 0, bondlength_0, springcons
tant);[] 
 []


Overfull \hbox (2.16733pt too wide) in paragraph at lines 546--546
[]  \OT1/cmtt/m/n/10.95 molsim('calcforce', 'bond', 1, bondlength_1, springcons
tant);[] 
 []

[12]
LaTeX Font Info:    External font `cmex10' loaded for size
(Font)              <9> on input line 587.
LaTeX Font Info:    External font `cmex10' loaded for size
(Font)              <5> on input line 587.
 [13]
Package epstopdf Info: Source file: <speedup.eps>
(epstopdf)                    date: 2023-07-01 17:11:45
(epstopdf)                    size: 26056 bytes
(epstopdf)             Output file: <speedup-eps-converted-to.pdf>
(epstopdf)                    date: 2024-06-08 17:51:58
(epstopdf)                    size: 12611 bytes
(epstopdf)             Command: <repstopdf --outfile=speedup-eps-converted-to.p
df speedup.eps>
(epstopdf)             \includegraphics on input line 611.
Package epstopdf Info: Output file is already uptodate.
<speedup-eps-converted-to.pdf, id=83, 656.4525pt x 373.395pt>
File: speedup-eps-converted-to.pdf Graphic file (type pdf)
<use speedup-eps-converted-to.pdf>
Package pdftex.def Info: speedup-eps-converted-to.pdf  used on input line 611.
(pdftex.def)             Requested size: 262.57634pt x 149.35535pt.
 [14 <./speedup-eps-converted-to.pdf>] [15] [16

]
Overfull \hbox (155.4316pt too wide) in paragraph at lines 720--758
 [][] 
 []


Overfull \hbox (21.50589pt too wide) in paragraph at lines 763--788
 [] 
 []

[17

] [18] [19]
Overfull \hbox (115.03706pt too wide) in paragraph at lines 831--877
 [] 
 []


Overfull \hbox (95.42984pt too wide) in paragraph at lines 882--929
 [] 
 []

[20

] [21] [22

] (./tutorial.aux) ) 
Here is how much of TeX's memory you used:
 10598 strings out of 476794
 188548 string characters out of 5811716
 1886330 words of memory out of 5000000
 30663 multiletter control sequences out of 15000+600000
 521667 words of font info for 63 fonts, out of 8000000 for 9000
 833 hyphenation exceptions out of 8191
 75i,8n,72p,446b,1005s stack positions out of 10000i,1000n,20000p,200000b,200000s
{/usr/share/texmf/fonts/enc/dvips/cm-super/cm-super-ts1.enc
}</usr/share/texlive/texmf-dist/fonts/type1/public/amsfonts/cm/cmbx10.pfb></usr
/share/texlive/texmf-dist/fonts/type1/public/amsfonts/cm/cmbx12.pfb></usr/share
/texlive/texmf-dist/fonts/type1/public/amsfonts/cm/cmex10.pfb></usr/share/texli
ve/texmf-dist/fonts/type1/public/amsfonts/cm/cmmi10.pfb></usr/share/texlive/tex
mf-dist/fonts/type1/public/amsfonts/cm/cmmi8.pfb></usr/share/texlive/texmf-dist
/fonts/type1/public/amsfonts/cm/cmr10.pfb></usr/share/texlive/texmf-dist/fonts/
type1/public/amsfonts/cm/cmr12.pfb></usr/share/texlive/texmf-dist/fonts/type1/p
ublic/amsfonts/cm/cmr17.pfb></usr/share/texlive/texmf-dist/fonts/type1/public/a
msfonts/cm/cmr6.pfb></usr/share/texlive/texmf-dist/fonts/type1/public/amsfonts/
cm/cmr8.pfb></usr/share/texlive/texmf-dist/fonts/type1/public/amsfonts/cm/cmr9.
pfb></usr/share/texlive/texmf-dist/fonts/type1/public/amsfonts/cm/cmss10.pfb></
usr/share/texlive/texmf-dist/fonts/type1/public/amsfonts/cm/cmss17.pfb></usr/sh
are/texlive/texmf-dist/fonts/type1/public/amsfonts/cm/cmssbx10.pfb></usr/share/
texlive/texmf-dist/fonts/type1/public/amsfonts/cm/cmsy10.pfb></usr/share/texliv
e/texmf-dist/fonts/type1/public/amsfonts/cm/cmti10.pfb></usr/share/texlive/texm
f-dist/fonts/type1/public/amsfonts/cm/cmtt10.pfb></usr/share/texmf/fonts/type1/
public/cm-super/sfrm1095.pfb>
Output written on tutorial.pdf (22 pages, 281277 bytes).
PDF statistics:
 199 PDF objects out of 1000 (max. 8388607)
 124 compressed objects within 2 object streams
 0 named destinations out of 1000 (max. 500000)
 16 words of extra memory for PDF output out of 10000 (max. 10000000)

