This file contains any messages produced by compilers while
running configure, to aid debugging if configure makes a mistake.

It was created by seplib configure development, which was
generated by GNU Autoconf 2.69.  Invocation command line was

  $ ./configure 

## --------- ##
## Platform. ##
## --------- ##

hostname = nb-dk1082261
uname -m = x86_64
uname -r = 5.10.0-10-amd64
uname -s = Linux
uname -v = #1 SMP Debian 5.10.84-1 (2021-12-08)

/usr/bin/uname -p = unknown
/bin/uname -X     = unknown

/bin/arch              = x86_64
/usr/bin/arch -k       = unknown
/usr/convex/getsysinfo = unknown
/usr/bin/hostinfo      = unknown
/bin/machine           = unknown
/usr/bin/oslevel       = unknown
/bin/universe          = unknown

PATH: /usr/local/bin
PATH: /usr/bin
PATH: /bin
PATH: /usr/local/games
PATH: /usr/games
PATH: /home/jschmidt/software/seplib/tools
PATH: /home/jschmidt/bin
PATH: /home/jschmidt/software/seplib/tools
PATH: /home/jschmidt/bin
PATH: /home/jschmidt/software/seplib/tools
PATH: /home/jschmidt/bin
PATH: /home/jschmidt/software/seplib/tools
PATH: /home/jschmidt/bin
PATH: /home/jschmidt/software/seplib/tools
PATH: /home/jschmidt/bin


## ----------- ##
## Core tests. ##
## ----------- ##

configure:2193: checking for gcc
configure:2209: found /usr/bin/gcc
configure:2220: result: gcc
configure:2449: checking for C compiler version
configure:2458: gcc --version >&5
gcc (Debian 10.2.1-6) 10.2.1 20210110
Copyright (C) 2020 Free Software Foundation, Inc.
This is free software; see the source for copying conditions.  There is NO
warranty; not even for MERCHANTABILITY or FITNESS FOR A PARTICULAR PURPOSE.

configure:2469: $? = 0
configure:2458: gcc -v >&5
Using built-in specs.
COLLECT_GCC=gcc
COLLECT_LTO_WRAPPER=/usr/lib/gcc/x86_64-linux-gnu/10/lto-wrapper
OFFLOAD_TARGET_NAMES=nvptx-none:amdgcn-amdhsa:hsa
OFFLOAD_TARGET_DEFAULT=1
Target: x86_64-linux-gnu
Configured with: ../src/configure -v --with-pkgversion='Debian 10.2.1-6' --with-bugurl=file:///usr/share/doc/gcc-10/README.Bugs --enable-languages=c,ada,c++,go,brig,d,fortran,objc,obj-c++,m2 --prefix=/usr --with-gcc-major-version-only --program-suffix=-10 --program-prefix=x86_64-linux-gnu- --enable-shared --enable-linker-build-id --libexecdir=/usr/lib --without-included-gettext --enable-threads=posix --libdir=/usr/lib --enable-nls --enable-bootstrap --enable-clocale=gnu --enable-libstdcxx-debug --enable-libstdcxx-time=yes --with-default-libstdcxx-abi=new --enable-gnu-unique-object --disable-vtable-verify --enable-plugin --enable-default-pie --with-system-zlib --enable-libphobos-checking=release --with-target-system-zlib=auto --enable-objc-gc=auto --enable-multiarch --disable-werror --with-arch-32=i686 --with-abi=m64 --with-multilib-list=m32,m64,mx32 --enable-multilib --with-tune=generic --enable-offload-targets=nvptx-none=/build/gcc-10-Km9U7s/gcc-10-10.2.1/debian/tmp-nvptx/usr,amdgcn-amdhsa=/build/gcc-10-Km9U7s/gcc-10-10.2.1/debian/tmp-gcn/usr,hsa --without-cuda-driver --enable-checking=release --build=x86_64-linux-gnu --host=x86_64-linux-gnu --target=x86_64-linux-gnu --with-build-config=bootstrap-lto-lean --enable-link-mutex
Thread model: posix
Supported LTO compression algorithms: zlib zstd
gcc version 10.2.1 20210110 (Debian 10.2.1-6) 
... rest of stderr output deleted ...
configure:2469: $? = 0
configure:2458: gcc -V >&5
gcc: error: unrecognized command-line option '-V'
gcc: fatal error: no input files
compilation terminated.
configure:2469: $? = 1
configure:2458: gcc -qversion >&5
gcc: error: unrecognized command-line option '-qversion'; did you mean '--version'?
gcc: fatal error: no input files
compilation terminated.
configure:2469: $? = 1
configure:2489: checking whether the C compiler works
configure:2511: gcc    conftest.c  >&5
configure:2515: $? = 0
configure:2563: result: yes
configure:2566: checking for C compiler default output file name
configure:2568: result: a.out
configure:2574: checking for suffix of executables
configure:2581: gcc -o conftest    conftest.c  >&5
configure:2585: $? = 0
configure:2607: result: 
configure:2629: checking whether we are cross compiling
configure:2637: gcc -o conftest    conftest.c  >&5
configure:2641: $? = 0
configure:2648: ./conftest
configure:2652: $? = 0
configure:2667: result: no
configure:2672: checking for suffix of object files
configure:2694: gcc -c   conftest.c >&5
configure:2698: $? = 0
configure:2719: result: o
configure:2723: checking whether we are using the GNU C compiler
configure:2742: gcc -c   conftest.c >&5
configure:2742: $? = 0
configure:2751: result: yes
configure:2760: checking whether gcc accepts -g
configure:2780: gcc -c -g  conftest.c >&5
configure:2780: $? = 0
configure:2821: result: yes
configure:2838: checking for gcc option to accept ISO C89
configure:2901: gcc  -c -g -O2  conftest.c >&5
configure:2901: $? = 0
configure:2914: result: none needed
configure:2935: checking whether make sets $(MAKE)
configure:2957: result: yes
configure:3009: checking for ranlib
configure:3025: found /usr/bin/ranlib
configure:3036: result: ranlib
configure:3102: checking for ar
configure:3118: found /usr/bin/ar
configure:3129: result: ar
configure:3156: checking for isinf
configure:3156: gcc -o conftest -g -O2   conftest.c  >&5
conftest.c:32:6: warning: conflicting types for built-in function 'isinf'; expected 'int()' [-Wbuiltin-declaration-mismatch]
   32 | char isinf ();
      |      ^~~~~
conftest.c:20:1: note: 'isinf' is declared in header '<math.h>'
   19 | # include <limits.h>
   20 | #else
configure:3156: $? = 0
configure:3156: result: yes
configure:3156: checking for isnan
configure:3156: gcc -o conftest -g -O2   conftest.c  >&5
conftest.c:33:6: warning: conflicting types for built-in function 'isnan'; expected 'int()' [-Wbuiltin-declaration-mismatch]
   33 | char isnan ();
      |      ^~~~~
conftest.c:21:1: note: 'isnan' is declared in header '<math.h>'
   20 | # include <limits.h>
   21 | #else
configure:3156: $? = 0
configure:3156: result: yes
configure:3165: checking for inline
configure:3181: gcc -c -g -O2  conftest.c >&5
configure:3181: $? = 0
configure:3189: result: inline
configure:3212: checking how to run the C preprocessor
configure:3243: gcc -E  conftest.c
configure:3243: $? = 0
configure:3257: gcc -E  conftest.c
conftest.c:11:10: fatal error: ac_nonexistent.h: No such file or directory
   11 | #include <ac_nonexistent.h>
      |          ^~~~~~~~~~~~~~~~~~
compilation terminated.
configure:3257: $? = 1
configure: failed program was:
| /* confdefs.h */
| #define PACKAGE_NAME "seplib"
| #define PACKAGE_TARNAME "seplib"
| #define PACKAGE_VERSION "development"
| #define PACKAGE_STRING "seplib development"
| #define PACKAGE_BUGREPORT "jesperschmidthansen@gmail.com"
| #define PACKAGE_URL ""
| #define HAVE_ISINF 1
| #define HAVE_ISNAN 1
| /* end confdefs.h.  */
| #include <ac_nonexistent.h>
configure:3282: result: gcc -E
configure:3302: gcc -E  conftest.c
configure:3302: $? = 0
configure:3316: gcc -E  conftest.c
conftest.c:11:10: fatal error: ac_nonexistent.h: No such file or directory
   11 | #include <ac_nonexistent.h>
      |          ^~~~~~~~~~~~~~~~~~
compilation terminated.
configure:3316: $? = 1
configure: failed program was:
| /* confdefs.h */
| #define PACKAGE_NAME "seplib"
| #define PACKAGE_TARNAME "seplib"
| #define PACKAGE_VERSION "development"
| #define PACKAGE_STRING "seplib development"
| #define PACKAGE_BUGREPORT "jesperschmidthansen@gmail.com"
| #define PACKAGE_URL ""
| #define HAVE_ISINF 1
| #define HAVE_ISNAN 1
| /* end confdefs.h.  */
| #include <ac_nonexistent.h>
configure:3345: checking for grep that handles long lines and -e
configure:3403: result: /usr/bin/grep
configure:3408: checking for egrep
configure:3470: result: /usr/bin/grep -E
configure:3475: checking for ANSI C header files
configure:3495: gcc -c -g -O2  conftest.c >&5
configure:3495: $? = 0
configure:3568: gcc -o conftest -g -O2   conftest.c  >&5
configure:3568: $? = 0
configure:3568: ./conftest
configure:3568: $? = 0
configure:3579: result: yes
configure:3592: checking for sys/types.h
configure:3592: gcc -c -g -O2  conftest.c >&5
configure:3592: $? = 0
configure:3592: result: yes
configure:3592: checking for sys/stat.h
configure:3592: gcc -c -g -O2  conftest.c >&5
configure:3592: $? = 0
configure:3592: result: yes
configure:3592: checking for stdlib.h
configure:3592: gcc -c -g -O2  conftest.c >&5
configure:3592: $? = 0
configure:3592: result: yes
configure:3592: checking for string.h
configure:3592: gcc -c -g -O2  conftest.c >&5
configure:3592: $? = 0
configure:3592: result: yes
configure:3592: checking for memory.h
configure:3592: gcc -c -g -O2  conftest.c >&5
configure:3592: $? = 0
configure:3592: result: yes
configure:3592: checking for strings.h
configure:3592: gcc -c -g -O2  conftest.c >&5
configure:3592: $? = 0
configure:3592: result: yes
configure:3592: checking for inttypes.h
configure:3592: gcc -c -g -O2  conftest.c >&5
configure:3592: $? = 0
configure:3592: result: yes
configure:3592: checking for stdint.h
configure:3592: gcc -c -g -O2  conftest.c >&5
configure:3592: $? = 0
configure:3592: result: yes
configure:3592: checking for unistd.h
configure:3592: gcc -c -g -O2  conftest.c >&5
configure:3592: $? = 0
configure:3592: result: yes
configure:3604: checking whether __func__ is declared
configure:3604: gcc -c -g -O2  conftest.c >&5
configure:3604: $? = 0
configure:3604: result: yes
configure:3635: checking complex.h usability
configure:3635: gcc -c -g -O2  conftest.c >&5
configure:3635: $? = 0
configure:3635: result: yes
configure:3635: checking complex.h presence
configure:3635: gcc -E  conftest.c
configure:3635: $? = 0
configure:3635: result: yes
configure:3635: checking for complex.h
configure:3635: result: yes
configure:3650: checking omp.h usability
configure:3650: gcc -c -g -O2  conftest.c >&5
configure:3650: $? = 0
configure:3650: result: yes
configure:3650: checking omp.h presence
configure:3650: gcc -E  conftest.c
configure:3650: $? = 0
configure:3650: result: yes
configure:3650: checking for omp.h
configure:3650: result: yes
configure:3804: creating ./config.status

## ---------------------- ##
## Running config.status. ##
## ---------------------- ##

This file was extended by seplib config.status development, which was
generated by GNU Autoconf 2.69.  Invocation command line was

  CONFIG_FILES    = 
  CONFIG_HEADERS  = 
  CONFIG_LINKS    = 
  CONFIG_COMMANDS = 
  $ ./config.status 

on nb-dk1082261

config.status:730: creating Makefile

## ---------------- ##
## Cache variables. ##
## ---------------- ##

ac_cv_c_compiler_gnu=yes
ac_cv_c_inline=inline
ac_cv_env_CC_set=
ac_cv_env_CC_value=
ac_cv_env_CFLAGS_set=
ac_cv_env_CFLAGS_value=
ac_cv_env_CPPFLAGS_set=
ac_cv_env_CPPFLAGS_value=
ac_cv_env_CPP_set=
ac_cv_env_CPP_value=
ac_cv_env_LDFLAGS_set=
ac_cv_env_LDFLAGS_value=
ac_cv_env_LIBS_set=
ac_cv_env_LIBS_value=
ac_cv_env_build_alias_set=
ac_cv_env_build_alias_value=
ac_cv_env_host_alias_set=
ac_cv_env_host_alias_value=
ac_cv_env_target_alias_set=
ac_cv_env_target_alias_value=
ac_cv_func_isinf=yes
ac_cv_func_isnan=yes
ac_cv_have_decl___func__=yes
ac_cv_header_complex_h=yes
ac_cv_header_inttypes_h=yes
ac_cv_header_memory_h=yes
ac_cv_header_omp_h=yes
ac_cv_header_stdc=yes
ac_cv_header_stdint_h=yes
ac_cv_header_stdlib_h=yes
ac_cv_header_string_h=yes
ac_cv_header_strings_h=yes
ac_cv_header_sys_stat_h=yes
ac_cv_header_sys_types_h=yes
ac_cv_header_unistd_h=yes
ac_cv_objext=o
ac_cv_path_EGREP='/usr/bin/grep -E'
ac_cv_path_GREP=/usr/bin/grep
ac_cv_prog_CPP='gcc -E'
ac_cv_prog_ac_ct_AR=ar
ac_cv_prog_ac_ct_CC=gcc
ac_cv_prog_ac_ct_RANLIB=ranlib
ac_cv_prog_cc_c89=
ac_cv_prog_cc_g=yes
ac_cv_prog_make_make_set=yes

## ----------------- ##
## Output variables. ##
## ----------------- ##

AR='ar'
C99='-std=c99'
CC='gcc'
CFLAGS='-g -O2'
COMPLEX='-DCOMPLEX'
CPP='gcc -E'
CPPFLAGS=''
DEFS='-DPACKAGE_NAME=\"seplib\" -DPACKAGE_TARNAME=\"seplib\" -DPACKAGE_VERSION=\"development\" -DPACKAGE_STRING=\"seplib\ development\" -DPACKAGE_BUGREPORT=\"jesperschmidthansen@gmail.com\" -DPACKAGE_URL=\"\" -DHAVE_ISINF=1 -DHAVE_ISNAN=1 -DSTDC_HEADERS=1 -DHAVE_SYS_TYPES_H=1 -DHAVE_SYS_STAT_H=1 -DHAVE_STDLIB_H=1 -DHAVE_STRING_H=1 -DHAVE_MEMORY_H=1 -DHAVE_STRINGS_H=1 -DHAVE_INTTYPES_H=1 -DHAVE_STDINT_H=1 -DHAVE_UNISTD_H=1'
ECHO_C=''
ECHO_N='-n'
ECHO_T=''
EGREP='/usr/bin/grep -E'
EXEEXT=''
GREP='/usr/bin/grep'
INLINE='-fgnu89-inline'
LDFLAGS=''
LIBOBJS=''
LIBS=''
LTLIBOBJS=''
OBJEXT='o'
OMP='-fopenmp'
PACKAGE_BUGREPORT='jesperschmidthansen@gmail.com'
PACKAGE_NAME='seplib'
PACKAGE_STRING='seplib development'
PACKAGE_TARNAME='seplib'
PACKAGE_URL=''
PACKAGE_VERSION='development'
PATH_SEPARATOR=':'
RANLIB='ranlib'
SET_MAKE=''
SHELL='/bin/bash'
ac_ct_CC='gcc'
bindir='${exec_prefix}/bin'
build_alias=''
datadir='${datarootdir}'
datarootdir='${prefix}/share'
docdir='${datarootdir}/doc/${PACKAGE_TARNAME}'
dvidir='${docdir}'
exec_prefix='${prefix}'
host_alias=''
htmldir='${docdir}'
includedir='${prefix}/include'
infodir='${datarootdir}/info'
libdir='${exec_prefix}/lib'
libexecdir='${exec_prefix}/libexec'
localedir='${datarootdir}/locale'
localstatedir='${prefix}/var'
mandir='${datarootdir}/man'
oldincludedir='/usr/include'
pdfdir='${docdir}'
prefix='/usr/local'
program_transform_name='s,x,x,'
psdir='${docdir}'
sbindir='${exec_prefix}/sbin'
sharedstatedir='${prefix}/com'
sysconfdir='${prefix}/etc'
target_alias=''

## ----------- ##
## confdefs.h. ##
## ----------- ##

/* confdefs.h */
#define PACKAGE_NAME "seplib"
#define PACKAGE_TARNAME "seplib"
#define PACKAGE_VERSION "development"
#define PACKAGE_STRING "seplib development"
#define PACKAGE_BUGREPORT "jesperschmidthansen@gmail.com"
#define PACKAGE_URL ""
#define HAVE_ISINF 1
#define HAVE_ISNAN 1
#define STDC_HEADERS 1
#define HAVE_SYS_TYPES_H 1
#define HAVE_SYS_STAT_H 1
#define HAVE_STDLIB_H 1
#define HAVE_STRING_H 1
#define HAVE_MEMORY_H 1
#define HAVE_STRINGS_H 1
#define HAVE_INTTYPES_H 1
#define HAVE_STDINT_H 1
#define HAVE_UNISTD_H 1

configure: exit 0
